#
# There is insufficient memory for the Java Runtime Environment to continue.
# Native memory allocation (malloc) failed to allocate 32744 bytes for ChunkPool::allocate
# Possible reasons:
#   The system is out of physical RAM or swap space
#   The process is running with CompressedOops enabled, and the Java Heap may be blocking the growth of the native heap
# Possible solutions:
#   Reduce memory load on the system
#   Increase physical memory or swap space
#   Check if swap backing store is full
#   Decrease Java heap size (-Xmx/-Xms)
#   Decrease number of Java threads
#   Decrease Java thread stack sizes (-Xss)
#   Set larger code cache with -XX:ReservedCodeCacheSize=
#   JVM is running with Unscaled Compressed Oops mode in which the Java heap is
#     placed in the first 4GB address space. The Java Heap base address is the
#     maximum limit for the native heap growth. Please use -XX:HeapBaseMinAddress
#     to set the Java Heap base and to place the Java Heap above 4GB virtual address.
# This output file may be truncated or incomplete.
#
#  Out of Memory Error (allocation.cpp:272), pid=45792, tid=0x000000000000b3f4
#
# JRE version: OpenJDK Runtime Environment (Zulu 8.52.0.23-CA-win64) (8.0_282-b08) (build 1.8.0_282-b08)
# Java VM: OpenJDK 64-Bit Server VM (25.282-b08 mixed mode windows-amd64 compressed oops)
# Failed to write core dump. Minidumps are not enabled by default on client versions of Windows
#

---------------  T H R E A D  ---------------

Current thread (0x0000000018b5a800):  JavaThread "C2 CompilerThread1" daemon [_thread_in_native, id=46068, stack(0x0000000018ef0000,0x0000000018ff0000)]

Stack: [0x0000000018ef0000,0x0000000018ff0000]
[error occurred during error reporting (printing stack bounds), id 0xc0000005]

Native frames: (J=compiled Java code, j=interpreted, Vv=VM code, C=native code)


Current CompileTask:
C2:  16755 3402       4       java.net.URLClassLoader$1::run (5 bytes)


---------------  P R O C E S S  ---------------

Java Threads: ( => current thread )
  0x0000000019808800 JavaThread "Okio Watchdog" daemon [_thread_blocked, id=45964, stack(0x000000001ef20000,0x000000001f020000)]
  0x000000001980b000 JavaThread "OkHttp ConnectionPool" daemon [_thread_blocked, id=47280, stack(0x000000001ee20000,0x000000001ef20000)]
  0x000000001a74f800 JavaThread "ForkJoinPool.commonPool-worker-2" daemon [_thread_blocked, id=48624, stack(0x000000001ea20000,0x000000001eb20000)]
  0x0000000019270000 JavaThread "Exec Stream Pumper" daemon [_thread_in_native, id=49896, stack(0x000000001e620000,0x000000001e720000)]
  0x00000000198cf800 JavaThread "Exec Stream Pumper" daemon [_thread_in_native, id=47684, stack(0x000000001e520000,0x000000001e620000)]
  0x000000001989d000 JavaThread "UrlChecker-2" daemon [_thread_blocked, id=50956, stack(0x000000001e120000,0x000000001e220000)]
  0x000000001c80e800 JavaThread "Exec Default Executor" daemon [_thread_in_native, id=27864, stack(0x000000001e020000,0x000000001e120000)]
  0x00000000190f8800 JavaThread "Service Thread" daemon [_thread_blocked, id=44416, stack(0x00000000198f0000,0x00000000199f0000)]
  0x0000000018b5d800 JavaThread "C1 CompilerThread2" daemon [_thread_blocked, id=43712, stack(0x0000000018ff0000,0x00000000190f0000)]
=>0x0000000018b5a800 JavaThread "C2 CompilerThread1" daemon [_thread_in_native, id=46068, stack(0x0000000018ef0000,0x0000000018ff0000)]
  0x0000000018b57800 JavaThread "C2 CompilerThread0" daemon [_thread_in_native, id=47376, stack(0x0000000018df0000,0x0000000018ef0000)]
  0x0000000018ac8800 JavaThread "Attach Listener" daemon [_thread_blocked, id=48772, stack(0x0000000018cf0000,0x0000000018df0000)]
  0x0000000018ac7800 JavaThread "Signal Dispatcher" daemon [_thread_blocked, id=50564, stack(0x0000000018bf0000,0x0000000018cf0000)]
  0x000000001735f000 JavaThread "Finalizer" daemon [_thread_blocked, id=42456, stack(0x00000000185c0000,0x00000000186c0000)]
  0x0000000017355800 JavaThread "Reference Handler" daemon [_thread_blocked, id=50920, stack(0x00000000184c0000,0x00000000185c0000)]
  0x0000000002659800 JavaThread "main" [_thread_in_native, id=33676, stack(0x00000000024b0000,0x00000000025b0000)]

Other Threads:
  0x000000001732b000 VMThread [stack: 0x00000000183c0000,0x00000000184c0000] [id=24996]
  0x0000000018be8800 WatcherThread [stack: 0x00000000199f0000,0x0000000019af0000] [id=38392]

VM state:not at safepoint (normal execution)

VM Mutex/Monitor currently owned by a thread: None

heap address: 0x0000000080000000, size: 2048 MB, Compressed Oops mode: 32-bit
Narrow klass base: 0x0000000000000000, Narrow klass shift: 3
Compressed class space size: 1073741824 Address: 0x0000000100000000

Heap:
 PSYoungGen      total 177152K, used 23168K [0x00000000d5580000, 0x00000000e2600000, 0x0000000100000000)
  eden space 170496K, 9% used [0x00000000d5580000,0x00000000d65a7b88,0x00000000dfc00000)
  from space 6656K, 99% used [0x00000000e0580000,0x00000000e0bf8478,0x00000000e0c00000)
  to   space 9728K, 0% used [0x00000000dfc00000,0x00000000dfc00000,0x00000000e0580000)
 ParOldGen       total 44544K, used 17108K [0x0000000080000000, 0x0000000082b80000, 0x00000000d5580000)
  object space 44544K, 38% used [0x0000000080000000,0x00000000810b51b8,0x0000000082b80000)
 Metaspace       used 31478K, capacity 32492K, committed 32768K, reserved 1077248K
  class space    used 3722K, capacity 4007K, committed 4096K, reserved 1048576K

Card table byte_map: [0x0000000011b00000,0x0000000011f10000] byte_map_base: 0x0000000011700000

Marking Bits: (ParMarkBitMap*) 0x000000006b7b1f00
 Begin Bits: [0x00000000125c0000, 0x00000000145c0000)
 End Bits:   [0x00000000145c0000, 0x00000000165c0000)

Polling page: 0x0000000000b00000

CodeCache: size=245760Kb used=11461Kb max_used=12832Kb free=234298Kb
 bounds [0x0000000002740000, 0x00000000033f0000, 0x0000000011740000]
 total_blobs=3609 nmethods=2915 adapters=605
 compilation: enabled

Compilation events (10 events):
Event: 16.645 Thread 0x0000000018b5d800 3398       1       java.nio.Buffer::capacity (5 bytes)
Event: 16.645 Thread 0x0000000018b5d800 nmethod 3398 0x00000000031b83d0 code [0x00000000031b8520, 0x00000000031b8630]
Event: 16.647 Thread 0x0000000018b5d800 3399       3       org.codehaus.groovy.antlr.parser.GroovyLexer::mDOT (75 bytes)
Event: 16.651 Thread 0x0000000018b5d800 nmethod 3399 0x00000000029930d0 code [0x00000000029932c0, 0x0000000002993c68]
Event: 16.652 Thread 0x0000000018b5d800 3400       3       org.codehaus.groovy.ast.VariableScope::getReferencedLocalVariable (14 bytes)
Event: 16.652 Thread 0x0000000018b5d800 nmethod 3400 0x0000000002b22ad0 code [0x0000000002b22c40, 0x0000000002b22f68]
Event: 16.654 Thread 0x0000000018b5d800 3401       3       org.codehaus.groovy.ast.VariableScope::getReferencedClassVariable (14 bytes)
Event: 16.654 Thread 0x0000000018b5d800 nmethod 3401 0x0000000002ad3c90 code [0x0000000002ad3e00, 0x0000000002ad4128]
Event: 16.717 Thread 0x0000000018b5a800 3402       4       java.net.URLClassLoader$1::run (5 bytes)
Event: 16.739 Thread 0x0000000018b57800 3403   !   4       java.net.URLClassLoader$1::run (63 bytes)

GC Heap History (10 events):
Event: 4.913 GC heap before
{Heap before GC invocations=9 (full 0):
 PSYoungGen      total 101888K, used 30131K [0x00000000d5580000, 0x00000000dbf80000, 0x0000000100000000)
  eden space 95232K, 25% used [0x00000000d5580000,0x00000000d6d99c20,0x00000000db280000)
  from space 6656K, 81% used [0x00000000db900000,0x00000000dbe53000,0x00000000dbf80000)
  to   space 6656K, 0% used [0x00000000db280000,0x00000000db280000,0x00000000db900000)
 ParOldGen       total 65536K, used 6046K [0x0000000080000000, 0x0000000084000000, 0x00000000d5580000)
  object space 65536K, 9% used [0x0000000080000000,0x00000000805e7988,0x0000000084000000)
 Metaspace       used 20804K, capacity 21090K, committed 21296K, reserved 1069056K
  class space    used 2308K, capacity 2429K, committed 2432K, reserved 1048576K
Event: 4.941 GC heap after
Heap after GC invocations=9 (full 0):
 PSYoungGen      total 101888K, used 4517K [0x00000000d5580000, 0x00000000df780000, 0x0000000100000000)
  eden space 95232K, 0% used [0x00000000d5580000,0x00000000d5580000,0x00000000db280000)
  from space 6656K, 67% used [0x00000000db280000,0x00000000db6e9788,0x00000000db900000)
  to   space 6656K, 0% used [0x00000000df100000,0x00000000df100000,0x00000000df780000)
 ParOldGen       total 65536K, used 6570K [0x0000000080000000, 0x0000000084000000, 0x00000000d5580000)
  object space 65536K, 10% used [0x0000000080000000,0x000000008066a998,0x0000000084000000)
 Metaspace       used 20804K, capacity 21090K, committed 21296K, reserved 1069056K
  class space    used 2308K, capacity 2429K, committed 2432K, reserved 1048576K
}
Event: 4.941 GC heap before
{Heap before GC invocations=10 (full 1):
 PSYoungGen      total 101888K, used 4517K [0x00000000d5580000, 0x00000000df780000, 0x0000000100000000)
  eden space 95232K, 0% used [0x00000000d5580000,0x00000000d5580000,0x00000000db280000)
  from space 6656K, 67% used [0x00000000db280000,0x00000000db6e9788,0x00000000db900000)
  to   space 6656K, 0% used [0x00000000df100000,0x00000000df100000,0x00000000df780000)
 ParOldGen       total 65536K, used 6570K [0x0000000080000000, 0x0000000084000000, 0x00000000d5580000)
  object space 65536K, 10% used [0x0000000080000000,0x000000008066a998,0x0000000084000000)
 Metaspace       used 20804K, capacity 21090K, committed 21296K, reserved 1069056K
  class space    used 2308K, capacity 2429K, committed 2432K, reserved 1048576K
Event: 5.012 GC heap after
Heap after GC invocations=10 (full 1):
 PSYoungGen      total 101888K, used 0K [0x00000000d5580000, 0x00000000df780000, 0x0000000100000000)
  eden space 95232K, 0% used [0x00000000d5580000,0x00000000d5580000,0x00000000db280000)
  from space 6656K, 0% used [0x00000000db280000,0x00000000db280000,0x00000000db900000)
  to   space 6656K, 0% used [0x00000000df100000,0x00000000df100000,0x00000000df780000)
 ParOldGen       total 44544K, used 8895K [0x0000000080000000, 0x0000000082b80000, 0x00000000d5580000)
  object space 44544K, 19% used [0x0000000080000000,0x00000000808afe68,0x0000000082b80000)
 Metaspace       used 20804K, capacity 21090K, committed 21296K, reserved 1069056K
  class space    used 2308K, capacity 2429K, committed 2432K, reserved 1048576K
}
Event: 6.158 GC heap before
{Heap before GC invocations=11 (full 1):
 PSYoungGen      total 101888K, used 95232K [0x00000000d5580000, 0x00000000df780000, 0x0000000100000000)
  eden space 95232K, 100% used [0x00000000d5580000,0x00000000db280000,0x00000000db280000)
  from space 6656K, 0% used [0x00000000db280000,0x00000000db280000,0x00000000db900000)
  to   space 6656K, 0% used [0x00000000df100000,0x00000000df100000,0x00000000df780000)
 ParOldGen       total 44544K, used 8895K [0x0000000080000000, 0x0000000082b80000, 0x00000000d5580000)
  object space 44544K, 19% used [0x0000000080000000,0x00000000808afe68,0x0000000082b80000)
 Metaspace       used 22102K, capacity 22474K, committed 22704K, reserved 1069056K
  class space    used 2428K, capacity 2546K, committed 2560K, reserved 1048576K
Event: 6.162 GC heap after
Heap after GC invocations=11 (full 1):
 PSYoungGen      total 132608K, used 2753K [0x00000000d5580000, 0x00000000df400000, 0x0000000100000000)
  eden space 129536K, 0% used [0x00000000d5580000,0x00000000d5580000,0x00000000dd400000)
  from space 3072K, 89% used [0x00000000df100000,0x00000000df3b05a8,0x00000000df400000)
  to   space 6656K, 0% used [0x00000000de700000,0x00000000de700000,0x00000000ded80000)
 ParOldGen       total 44544K, used 8903K [0x0000000080000000, 0x0000000082b80000, 0x00000000d5580000)
  object space 44544K, 19% used [0x0000000080000000,0x00000000808b1e68,0x0000000082b80000)
 Metaspace       used 22102K, capacity 22474K, committed 22704K, reserved 1069056K
  class space    used 2428K, capacity 2546K, committed 2560K, reserved 1048576K
}
Event: 7.424 GC heap before
{Heap before GC invocations=12 (full 1):
 PSYoungGen      total 132608K, used 132289K [0x00000000d5580000, 0x00000000df400000, 0x0000000100000000)
  eden space 129536K, 100% used [0x00000000d5580000,0x00000000dd400000,0x00000000dd400000)
  from space 3072K, 89% used [0x00000000df100000,0x00000000df3b05a8,0x00000000df400000)
  to   space 6656K, 0% used [0x00000000de700000,0x00000000de700000,0x00000000ded80000)
 ParOldGen       total 44544K, used 8903K [0x0000000080000000, 0x0000000082b80000, 0x00000000d5580000)
  object space 44544K, 19% used [0x0000000080000000,0x00000000808b1e68,0x0000000082b80000)
 Metaspace       used 23350K, capacity 23810K, committed 24064K, reserved 1071104K
  class space    used 2569K, capacity 2714K, committed 2816K, reserved 1048576K
Event: 7.438 GC heap after
Heap after GC invocations=12 (full 1):
 PSYoungGen      total 155648K, used 4937K [0x00000000d5580000, 0x00000000e0c00000, 0x0000000100000000)
  eden space 148992K, 0% used [0x00000000d5580000,0x00000000d5580000,0x00000000de700000)
  from space 6656K, 74% used [0x00000000de700000,0x00000000debd24b0,0x00000000ded80000)
  to   space 6656K, 0% used [0x00000000e0580000,0x00000000e0580000,0x00000000e0c00000)
 ParOldGen       total 44544K, used 11205K [0x0000000080000000, 0x0000000082b80000, 0x00000000d5580000)
  object space 44544K, 25% used [0x0000000080000000,0x0000000080af1798,0x0000000082b80000)
 Metaspace       used 23350K, capacity 23810K, committed 24064K, reserved 1071104K
  class space    used 2569K, capacity 2714K, committed 2816K, reserved 1048576K
}
Event: 16.322 GC heap before
{Heap before GC invocations=13 (full 1):
 PSYoungGen      total 155648K, used 153929K [0x00000000d5580000, 0x00000000e0c00000, 0x0000000100000000)
  eden space 148992K, 100% used [0x00000000d5580000,0x00000000de700000,0x00000000de700000)
  from space 6656K, 74% used [0x00000000de700000,0x00000000debd24b0,0x00000000ded80000)
  to   space 6656K, 0% used [0x00000000e0580000,0x00000000e0580000,0x00000000e0c00000)
 ParOldGen       total 44544K, used 11205K [0x0000000080000000, 0x0000000082b80000, 0x00000000d5580000)
  object space 44544K, 25% used [0x0000000080000000,0x0000000080af1798,0x0000000082b80000)
 Metaspace       used 31097K, capacity 32124K, committed 32256K, reserved 1077248K
  class space    used 3686K, capacity 3970K, committed 4096K, reserved 1048576K
Event: 16.349 GC heap after
Heap after GC invocations=13 (full 1):
 PSYoungGen      total 177152K, used 6625K [0x00000000d5580000, 0x00000000e2600000, 0x0000000100000000)
  eden space 170496K, 0% used [0x00000000d5580000,0x00000000d5580000,0x00000000dfc00000)
  from space 6656K, 99% used [0x00000000e0580000,0x00000000e0bf8478,0x00000000e0c00000)
  to   space 9728K, 0% used [0x00000000dfc00000,0x00000000dfc00000,0x00000000e0580000)
 ParOldGen       total 44544K, used 17108K [0x0000000080000000, 0x0000000082b80000, 0x00000000d5580000)
  object space 44544K, 38% used [0x0000000080000000,0x00000000810b51b8,0x0000000082b80000)
 Metaspace       used 31097K, capacity 32124K, committed 32256K, reserved 1077248K
  class space    used 3686K, capacity 3970K, committed 4096K, reserved 1048576K
}

Deoptimization events (10 events):
Event: 9.931 Thread 0x0000000002659800 Uncommon trap: reason=class_check action=maybe_recompile pc=0x0000000003238c08 method=java.util.HashSet.contains(Ljava/lang/Object;)Z @ 5
Event: 10.857 Thread 0x0000000002659800 Uncommon trap: reason=class_check action=maybe_recompile pc=0x00000000032f4b38 method=org.openqa.selenium.json.Input.init()V @ 18
Event: 10.857 Thread 0x0000000002659800 Uncommon trap: reason=class_check action=maybe_recompile pc=0x00000000032f4b38 method=org.openqa.selenium.json.Input.init()V @ 18
Event: 10.857 Thread 0x0000000002659800 Uncommon trap: reason=class_check action=maybe_recompile pc=0x00000000032f4b38 method=org.openqa.selenium.json.Input.init()V @ 18
Event: 10.857 Thread 0x0000000002659800 Uncommon trap: reason=class_check action=maybe_recompile pc=0x00000000032f4b38 method=org.openqa.selenium.json.Input.init()V @ 18
Event: 10.916 Thread 0x0000000002659800 Uncommon trap: reason=bimorphic action=maybe_recompile pc=0x0000000002c8b5dc method=java.util.HashMap.putVal(ILjava/lang/Object;Ljava/lang/Object;ZZ)Ljava/lang/Object; @ 203
Event: 10.917 Thread 0x0000000002659800 Uncommon trap: reason=bimorphic action=maybe_recompile pc=0x0000000002c8b5dc method=java.util.HashMap.putVal(ILjava/lang/Object;Ljava/lang/Object;ZZ)Ljava/lang/Object; @ 203
Event: 10.917 Thread 0x0000000002659800 Uncommon trap: reason=bimorphic action=maybe_recompile pc=0x0000000002c8b5dc method=java.util.HashMap.putVal(ILjava/lang/Object;Ljava/lang/Object;ZZ)Ljava/lang/Object; @ 203
Event: 15.383 Thread 0x0000000002659800 Uncommon trap: reason=unstable_if action=reinterpret pc=0x0000000003110428 method=org.codehaus.groovy.classgen.asm.BytecodeHelper.getTypeDescription(Lorg/codehaus/groovy/ast/ClassNode;Z)Ljava/lang/String; @ 157
Event: 16.012 Thread 0x0000000002659800 Uncommon trap: reason=unstable_if action=reinterpret pc=0x0000000003399a30 method=java.lang.Character.isHighSurrogate(C)Z @ 3

Classes redefined (0 events):
No events

Internal exceptions (10 events):
Event: 16.407 Thread 0x0000000002659800 Exception <a 'java/lang/ClassNotFoundException': com/kms/katalon/core/webui/keyword/builtin/SetEncryptedTextKeywordCustomizer> (0x00000000d5b59df8) thrown at [C:\jenkins\workspace\zulu8-silver-build-win64\zulu-src\hotspot\src\share\vm\classfile\systemDict
Event: 16.458 Thread 0x0000000002659800 Exception <a 'java/net/SocketTimeoutException': Read timed out> (0x00000000d5e5a3f0) thrown at [C:\jenkins\workspace\zulu8-silver-build-win64\zulu-src\hotspot\src\share\vm\prims\jni.cpp, line 738]
Event: 16.469 Thread 0x0000000002659800 Exception <a 'java/lang/reflect/InvocationTargetException'> (0x00000000d5e80d78) thrown at [C:\jenkins\workspace\zulu8-silver-build-win64\zulu-src\hotspot\src\share\vm\runtime\reflection.cpp, line 1092]
Event: 16.474 Thread 0x0000000002659800 Exception <a 'java/net/SocketTimeoutException': Read timed out> (0x00000000d5e8dc98) thrown at [C:\jenkins\workspace\zulu8-silver-build-win64\zulu-src\hotspot\src\share\vm\prims\jni.cpp, line 738]
Event: 16.490 Thread 0x0000000002659800 Exception <a 'java/net/SocketTimeoutException': Read timed out> (0x00000000d5eaa4b0) thrown at [C:\jenkins\workspace\zulu8-silver-build-win64\zulu-src\hotspot\src\share\vm\prims\jni.cpp, line 738]
Event: 16.537 Thread 0x0000000002659800 Exception <a 'java/net/SocketTimeoutException': Read timed out> (0x00000000d5ec76b8) thrown at [C:\jenkins\workspace\zulu8-silver-build-win64\zulu-src\hotspot\src\share\vm\prims\jni.cpp, line 738]
Event: 16.743 Thread 0x0000000002659800 Exception <a 'java/security/PrivilegedActionException'> (0x00000000d62a87a0) thrown at [C:\jenkins\workspace\zulu8-silver-build-win64\zulu-src\hotspot\src\share\vm\prims\jvm.cpp, line 1529]
Event: 16.743 Thread 0x0000000002659800 Exception <a 'java/security/PrivilegedActionException'> (0x00000000d62a8d80) thrown at [C:\jenkins\workspace\zulu8-silver-build-win64\zulu-src\hotspot\src\share\vm\prims\jvm.cpp, line 1529]
Event: 16.743 Thread 0x0000000002659800 Exception <a 'java/security/PrivilegedActionException'> (0x00000000d62bdcd0) thrown at [C:\jenkins\workspace\zulu8-silver-build-win64\zulu-src\hotspot\src\share\vm\prims\jvm.cpp, line 1529]
Event: 16.743 Thread 0x0000000002659800 Exception <a 'java/security/PrivilegedActionException'> (0x00000000d62be2b0) thrown at [C:\jenkins\workspace\zulu8-silver-build-win64\zulu-src\hotspot\src\share\vm\prims\jvm.cpp, line 1529]

Events (10 events):
Event: 16.740 loading class com$kms$katalon$core$configuration$RunConfiguration
Event: 16.741 loading class com$kms$katalon$core$configuration$RunConfiguration done
Event: 16.743 loading class com/kms$katalon$core$configuration$RunConfiguration
Event: 16.743 loading class com/kms$katalon$core$configuration$RunConfiguration done
Event: 16.746 loading class com/kms/katalon$core$configuration$RunConfiguration
Event: 16.746 loading class com/kms/katalon$core$configuration$RunConfiguration done
Event: 16.747 loading class com/kms/katalon/core$configuration$RunConfiguration
Event: 16.747 loading class com/kms/katalon/core$configuration$RunConfiguration done
Event: 16.749 loading class com/kms/katalon/core/configuration$RunConfiguration
Event: 16.749 loading class com/kms/katalon/core/configuration$RunConfiguration done


Dynamic libraries:
0x00007ff755cd0000 - 0x00007ff755d05000 	C:\Users\Infini Servidor\Downloads\Katalon_Studio_Windows_64-8.6.0\Katalon_Studio_Windows_64-8.6.0\jre\bin\javaw.exe
0x00007ffe51810000 - 0x00007ffe51a24000 	C:\WINDOWS\SYSTEM32\ntdll.dll
0x00007ffe508c0000 - 0x00007ffe50982000 	C:\WINDOWS\System32\KERNEL32.DLL
0x00007ffe4ed50000 - 0x00007ffe4f0f3000 	C:\WINDOWS\System32\KERNELBASE.dll
0x00007ffe4fa00000 - 0x00007ffe4faae000 	C:\WINDOWS\System32\ADVAPI32.dll
0x00007ffe50af0000 - 0x00007ffe50b97000 	C:\WINDOWS\System32\msvcrt.dll
0x00007ffe50810000 - 0x00007ffe508b4000 	C:\WINDOWS\System32\sechost.dll
0x00007ffe4f880000 - 0x00007ffe4f997000 	C:\WINDOWS\System32\RPCRT4.dll
0x00007ffe4fc10000 - 0x00007ffe4fdbb000 	C:\WINDOWS\System32\USER32.dll
0x00007ffe4f570000 - 0x00007ffe4f596000 	C:\WINDOWS\System32\win32u.dll
0x00007ffe4ffe0000 - 0x00007ffe50009000 	C:\WINDOWS\System32\GDI32.dll
0x00007ffe4ec30000 - 0x00007ffe4ed48000 	C:\WINDOWS\System32\gdi32full.dll
0x00007ffe4f4d0000 - 0x00007ffe4f56a000 	C:\WINDOWS\System32\msvcp_win.dll
0x00007ffe4f270000 - 0x00007ffe4f381000 	C:\WINDOWS\System32\ucrtbase.dll
0x00007ffe38d40000 - 0x00007ffe38fce000 	C:\WINDOWS\WinSxS\amd64_microsoft.windows.common-controls_6595b64144ccf1df_6.0.22621.1635_none_270f70857386168e\COMCTL32.dll
0x00007ffe4fdc0000 - 0x00007ffe4fdf1000 	C:\WINDOWS\System32\IMM32.DLL
0x000000006ab90000 - 0x000000006ac62000 	C:\Users\Infini Servidor\Downloads\Katalon_Studio_Windows_64-8.6.0\Katalon_Studio_Windows_64-8.6.0\jre\bin\msvcr100.dll
0x000000006af70000 - 0x000000006b835000 	C:\Users\Infini Servidor\Downloads\Katalon_Studio_Windows_64-8.6.0\Katalon_Studio_Windows_64-8.6.0\jre\bin\server\jvm.dll
0x00007ffe517b0000 - 0x00007ffe517b8000 	C:\WINDOWS\System32\PSAPI.DLL
0x00007ffe3c740000 - 0x00007ffe3c749000 	C:\WINDOWS\SYSTEM32\WSOCK32.dll
0x00007ffe50ba0000 - 0x00007ffe50c11000 	C:\WINDOWS\System32\WS2_32.dll
0x00007ffe49b30000 - 0x00007ffe49b64000 	C:\WINDOWS\SYSTEM32\WINMM.dll
0x00007ffe45b90000 - 0x00007ffe45b9a000 	C:\WINDOWS\SYSTEM32\VERSION.dll
0x00007ffe4a490000 - 0x00007ffe4a49f000 	C:\Users\Infini Servidor\Downloads\Katalon_Studio_Windows_64-8.6.0\Katalon_Studio_Windows_64-8.6.0\jre\bin\verify.dll
0x00007ffe417e0000 - 0x00007ffe41809000 	C:\Users\Infini Servidor\Downloads\Katalon_Studio_Windows_64-8.6.0\Katalon_Studio_Windows_64-8.6.0\jre\bin\java.dll
0x00007ffe3c330000 - 0x00007ffe3c346000 	C:\Users\Infini Servidor\Downloads\Katalon_Studio_Windows_64-8.6.0\Katalon_Studio_Windows_64-8.6.0\jre\bin\zip.dll
0x00007ffe50010000 - 0x00007ffe5080a000 	C:\WINDOWS\System32\SHELL32.dll
0x00007ffe4cc30000 - 0x00007ffe4d4fe000 	C:\WINDOWS\SYSTEM32\windows.storage.dll
0x00007ffe50f30000 - 0x00007ffe512b9000 	C:\WINDOWS\System32\combase.dll
0x00007ffe4caf0000 - 0x00007ffe4cc2e000 	C:\WINDOWS\SYSTEM32\wintypes.dll
0x00007ffe50c70000 - 0x00007ffe50d61000 	C:\WINDOWS\System32\SHCORE.dll
0x00007ffe51750000 - 0x00007ffe517ae000 	C:\WINDOWS\System32\shlwapi.dll
0x00007ffe4eb60000 - 0x00007ffe4eb81000 	C:\WINDOWS\SYSTEM32\profapi.dll
0x00007ffe32440000 - 0x00007ffe3245b000 	C:\Users\Infini Servidor\Downloads\Katalon_Studio_Windows_64-8.6.0\Katalon_Studio_Windows_64-8.6.0\jre\bin\net.dll
0x00007ffe4e0f0000 - 0x00007ffe4e159000 	C:\WINDOWS\system32\mswsock.dll
0x00007ffe307f0000 - 0x00007ffe30801000 	C:\Users\Infini Servidor\Downloads\Katalon_Studio_Windows_64-8.6.0\Katalon_Studio_Windows_64-8.6.0\jre\bin\nio.dll
0x00007ffe4d820000 - 0x00007ffe4d913000 	C:\WINDOWS\SYSTEM32\DNSAPI.dll
0x00007ffe4d7f0000 - 0x00007ffe4d81d000 	C:\WINDOWS\SYSTEM32\IPHLPAPI.DLL
0x00007ffe4f6a0000 - 0x00007ffe4f6a9000 	C:\WINDOWS\System32\NSI.dll
0x00007ffe453b0000 - 0x00007ffe453ba000 	C:\Windows\System32\rasadhlp.dll
0x00007ffe47dc0000 - 0x00007ffe47e44000 	C:\WINDOWS\System32\fwpuclnt.dll
0x00007ffe30470000 - 0x00007ffe30494000 	C:\Users\Infini Servidor\Downloads\Katalon_Studio_Windows_64-8.6.0\Katalon_Studio_Windows_64-8.6.0\jre\bin\sunec.dll
0x00007ffe46d80000 - 0x00007ffe46d8c000 	C:\Users\Infini Servidor\Downloads\Katalon_Studio_Windows_64-8.6.0\Katalon_Studio_Windows_64-8.6.0\jre\bin\sunmscapi.dll
0x00007ffe4f100000 - 0x00007ffe4f267000 	C:\WINDOWS\System32\CRYPT32.dll
0x00007ffe4e4e0000 - 0x00007ffe4e50e000 	C:\WINDOWS\SYSTEM32\ncrypt.dll
0x00007ffe4e4a0000 - 0x00007ffe4e4d7000 	C:\WINDOWS\SYSTEM32\NTASN1.dll
0x00007ffe4e350000 - 0x00007ffe4e36b000 	C:\WINDOWS\SYSTEM32\CRYPTSP.dll
0x00007ffe4dbf0000 - 0x00007ffe4dc25000 	C:\WINDOWS\system32\rsaenh.dll
0x00007ffe4e1f0000 - 0x00007ffe4e218000 	C:\WINDOWS\SYSTEM32\USERENV.dll
0x00007ffe4e510000 - 0x00007ffe4e538000 	C:\WINDOWS\SYSTEM32\bcrypt.dll
0x00007ffe4f390000 - 0x00007ffe4f40b000 	C:\WINDOWS\System32\bcryptprimitives.dll
0x00007ffe4e370000 - 0x00007ffe4e37c000 	C:\WINDOWS\SYSTEM32\CRYPTBASE.dll
0x00007ffe49370000 - 0x00007ffe49389000 	C:\WINDOWS\SYSTEM32\dhcpcsvc6.DLL
0x00007ffe48370000 - 0x00007ffe4838f000 	C:\WINDOWS\SYSTEM32\dhcpcsvc.DLL
0x00007ffe25820000 - 0x00007ffe25837000 	C:\WINDOWS\system32\napinsp.dll
0x00007ffe25800000 - 0x00007ffe2581b000 	C:\WINDOWS\system32\pnrpnsp.dll
0x00007ffe257e0000 - 0x00007ffe257f1000 	C:\WINDOWS\System32\winrnr.dll
0x00007ffe47f10000 - 0x00007ffe47f25000 	C:\WINDOWS\system32\wshbth.dll
0x00007ffe257b0000 - 0x00007ffe257d1000 	C:\WINDOWS\system32\nlansp_c.dll

VM Arguments:
jvm_args: -Dgroovy.home=C:\Users\Infini Servidor/.groovy -Djava.system.class.loader=groovy.lang.GroovyClassLoader -Xmx2048m -Dfile.encoding=UTF-8 
java_command: org.codehaus.groovy.tools.GroovyStarter --classpath C:\Users\Infini Servidor\git\PruebasAulaPlaneta_08-06_V2\bin\keyword;C:\Users\Infini Servidor\git\PruebasAulaPlaneta_08-06_V2\Keywords;C:\Users\Infini Servidor\git\PruebasAulaPlaneta_08-06_V2\bin\listener;C:\Users\Infini Servidor\git\PruebasAulaPlaneta_08-06_V2\Test Listeners;C:\Users\Infini Servidor\git\PruebasAulaPlaneta_08-06_V2\bin\lib;C:\Users\Infini Servidor\git\PruebasAulaPlaneta_08-06_V2\Libs;C:\Users\Infini Servidor\git\PruebasAulaPlaneta_08-06_V2\bin\groovy;C:\Users\Infini Servidor\git\PruebasAulaPlaneta_08-06_V2\Include\scripts\groovy;C:\Users\Infini Servidor\Downloads\Katalon_Studio_Windows_64-8.6.0\Katalon_Studio_Windows_64-8.6.0\plugins\com.kms.katalon.core_1.0.0.202303100818.jar;C:\Users\Infini Servidor\Downloads\Katalon_Studio_Windows_64-8.6.0\Katalon_Studio_Windows_64-8.6.0\configuration\resources\lib\aalto-xml-1.0.0.jar;C:\Users\Infini Servidor\Downloads\Katalon_Studio_Windows_64-8.6.0\Katalon_Studio_Windows_64-8.6.0\configuration\resources\lib\aspectjweaver-1.9.1.jar;C:\Users\Infini Servidor\Downloads\Katalon_Studio_Windows_64-8.6.0\Katalon_Studio_Windows_64-8.6.0\configuration\resources\lib\bcpkix-jdk15on-1.64.jar;C:\Users\Infini Servidor\Downloads\Katalon_Studio_Windows_64-8.6.0\Katalon_Studio_Windows_64-8.6.0\configuration\resources\lib\bcprov-jdk15on-1.64.jar;C:\Users\Infini Servidor\Downloads\Katalon_Studio_Windows_64-8.6.0\Katalon_Studio_Windows_64-8.6.0\configuration\resources\lib\browsermob-core-2.1.5.jar;C:\Users\Infini Servidor\Downloads\Katalon_Studio_Windows_64-8.6.0\Katalon_Studio_Windows_64-8.6.0\configuration\resources\lib\cglib-3.2.10.jar;C:\Users\Infini Servidor\Downloads\Katalon_Studio_Windows_64-8.6.0\Katalon_Studio_Windows_64-8.6.0\configuration\resources\lib\commons-codec-1.10.jar;C:\Users\Infini Servidor\Downloads\Katalon_Studio_Windows_64-8.6.0\Katalon_Studio_Windows_64-8.6.0\configuration\resources\lib\commons-collections4-4.1.jar;C:\Users\Infini Servidor\D
java_class_path (initial): C:\Users\Infini Servidor\git\PruebasAulaPlaneta_08-06_V2\bin\keyword;C:\Users\Infini Servidor\git\PruebasAulaPlaneta_08-06_V2\bin\listener;C:\Users\Infini Servidor\git\PruebasAulaPlaneta_08-06_V2\bin\lib;C:\Users\Infini Servidor\git\PruebasAulaPlaneta_08-06_V2\bin\groovy;C:\Users\Infini Servidor\git\PruebasAulaPlaneta_08-06_V2\bin;C:\Users\Infini Servidor\Downloads\Katalon_Studio_Windows_64-8.6.0\Katalon_Studio_Windows_64-8.6.0\plugins\com.kms.katalon.core_1.0.0.202303100818.jar;C:\Users\Infini Servidor\Downloads\Katalon_Studio_Windows_64-8.6.0\Katalon_Studio_Windows_64-8.6.0\configuration\resources\lib\aalto-xml-1.0.0.jar;C:\Users\Infini Servidor\Downloads\Katalon_Studio_Windows_64-8.6.0\Katalon_Studio_Windows_64-8.6.0\configuration\resources\lib\aspectjweaver-1.9.1.jar;C:\Users\Infini Servidor\Downloads\Katalon_Studio_Windows_64-8.6.0\Katalon_Studio_Windows_64-8.6.0\configuration\resources\lib\bcpkix-jdk15on-1.64.jar;C:\Users\Infini Servidor\Downloads\Katalon_Studio_Windows_64-8.6.0\Katalon_Studio_Windows_64-8.6.0\configuration\resources\lib\bcprov-jdk15on-1.64.jar;C:\Users\Infini Servidor\Downloads\Katalon_Studio_Windows_64-8.6.0\Katalon_Studio_Windows_64-8.6.0\configuration\resources\lib\browsermob-core-2.1.5.jar;C:\Users\Infini Servidor\Downloads\Katalon_Studio_Windows_64-8.6.0\Katalon_Studio_Windows_64-8.6.0\configuration\resources\lib\cglib-3.2.10.jar;C:\Users\Infini Servidor\Downloads\Katalon_Studio_Windows_64-8.6.0\Katalon_Studio_Windows_64-8.6.0\configuration\resources\lib\commons-codec-1.10.jar;C:\Users\Infini Servidor\Downloads\Katalon_Studio_Windows_64-8.6.0\Katalon_Studio_Windows_64-8.6.0\configuration\resources\lib\commons-collections4-4.1.jar;C:\Users\Infini Servidor\Downloads\Katalon_Studio_Windows_64-8.6.0\Katalon_Studio_Windows_64-8.6.0\configuration\resources\lib\commons-validator-1.6.jar;C:\Users\Infini Servidor\Downloads\Katalon_Studio_Windows_64-8.6.0\Katalon_Studio_Windows_64-8.6.0\configuration\resources\lib\curv
Launcher Type: SUN_STANDARD

Environment Variables:
PATH=C:/Users/Infini Servidor/Downloads/Katalon_Studio_Windows_64-8.6.0/Katalon_Studio_Windows_64-8.6.0/jre/bin/server;C:/Users/Infini Servidor/Downloads/Katalon_Studio_Windows_64-8.6.0/Katalon_Studio_Windows_64-8.6.0/jre/bin;C:/Users/Infini Servidor/Downloads/Katalon_Studio_Windows_64-8.6.0/Katalon_Studio_Windows_64-8.6.0/jre/lib/amd64;C:\WINDOWS\system32;C:\WINDOWS;C:\WINDOWS\System32\Wbem;C:\WINDOWS\System32\WindowsPowerShell\v1.0\;C:\WINDOWS\System32\OpenSSH\;C:\Program Files\Git\cmd;C:\Users\Infini Servidor\AppData\Local\Microsoft\WindowsApps;C:\Users\Infini Servidor\AppData\Local\Programs\Microsoft VS Code\bin;C:\Users\Infini Servidor\AppData\Local\GitHubDesktop\bin;C:\WINDOWS\system32;
USERNAME=Infini Servidor
OS=Windows_NT
PROCESSOR_IDENTIFIER=AMD64 Family 23 Model 24 Stepping 1, AuthenticAMD



---------------  S Y S T E M  ---------------

OS: Windows 10.0 , 64 bit Build 22621 (10.0.22621.1635)

CPU:total 4 (initial active 4) (4 cores per cpu, 1 threads per core) family 23 model 24 stepping 1, cmov, cx8, fxsr, mmx, sse, sse2, sse3, ssse3, sse4.1, sse4.2, popcnt, avx, avx2, aes, clmul, mmxext, 3dnowpref, lzcnt, sse4a, tsc, tscinvbit, tscinv, bmi1

Memory: 4k page, physical 6164744k(241852k free), swap 25039112k(4012k free)

vm_info: OpenJDK 64-Bit Server VM (25.282-b08) for windows-amd64 JRE (Zulu 8.52.0.23-CA-win64) (1.8.0_282-b08), built on Jan 12 2021 07:45:49 by "tester" with MS VC++ 10.0 (VS2010)

time: Fri Jun 09 18:35:54 2023
timezone: Hora de verano romance
elapsed time: 16.769635 seconds (0d 0h 0m 16s)

